Registering kernel 'abs_08u'
Registering kernel 'absdiff_08u'
Registering kernel 'absdiff_16s'
Registering kernel 'accumulate_16s'
Registering kernel 'accumulate_squared_16s'
Registering kernel 'accumulate_weighted_08u'
Registering kernel 'add_08u'
Registering kernel 'add_08u_08u_16s'
Registering kernel 'add_08u_16s_16s'
Registering kernel 'add_16s'
Registering kernel 'and_08u'
Registering kernel 'and_16u'
Registering kernel 'and_32u'
Registering kernel 'clz_08u'
Registering kernel 'clz_08s'
Registering kernel 'clz_16u'
Registering kernel 'clz_16s'
Registering kernel 'magnitude_16s'
Registering kernel 'max_08u'
Registering kernel 'max_16s'
Registering kernel 'min_08u'
Registering kernel 'min_16s'
Registering kernel 'mul_08u'
Registering kernel 'mul_08u_08u_16s'
Registering kernel 'mul_08u_16s_16s'
Registering kernel 'mul_16s'
Registering kernel 'not_08u'
Registering kernel 'or_08u'
Registering kernel 'or_16u'
Registering kernel 'or_32u'
Registering kernel 'sub_08u'
Registering kernel 'sub_08u_08u_16s'
Registering kernel 'sub_08u_16s_16s'
Registering kernel 'sub_16s'
Registering kernel 'sub_16s_08u_16s'
Registering kernel 'table_lookup_08u'
Registering kernel 'threshold_08u'
Registering kernel 'threshold_16u'
Registering kernel 'threshold_32u'
Registering kernel 'threshold_range_08u'
Registering kernel 'threshold_range_16u'
Registering kernel 'threshold_range_32u'
Registering kernel 'xor_08u'
Registering kernel 'xor_16u'
Registering kernel 'xor_32u'
